2018-05-01 09:59:06,084 INFO 3775 [egg:logger] init all loggers with options: {"dir":"/Users/hpstream/code/egg-example/logs/egg-example","encoding":"utf8","env":"local","level":"INFO","consoleLevel":"INFO","disableConsoleAfterReady":false,"outputJSON":false,"buffer":true,"appLogName":"egg-example-web.log","coreLogName":"egg-web.log","agentLogName":"egg-agent.log","errorLogName":"common-error.log","coreLogger":{"consoleLevel":"WARN"},"allowDebugAtProd":true,"type":"application"}
2018-05-01 09:59:06,123 INFO 3775 [egg-schedule]: register schedule /Users/hpstream/code/egg-example/node_modules/_egg-logrotator@3.0.3@egg-logrotator/app/schedule/clean_log.js
2018-05-01 09:59:06,123 INFO 3775 [egg-schedule]: register schedule /Users/hpstream/code/egg-example/node_modules/_egg-logrotator@3.0.3@egg-logrotator/app/schedule/rotate_by_file.js
2018-05-01 09:59:06,197 INFO 3775 [egg-static] starting static serve /public/ -> /Users/hpstream/code/egg-example/app/public
2018-05-01 09:59:06,199 INFO 3775 [egg-security] use csrf middleware
2018-05-01 09:59:06,201 INFO 3775 [egg-security] use methodnoallow middleware
2018-05-01 09:59:06,201 INFO 3775 [egg-security] use noopen middleware
2018-05-01 09:59:06,202 INFO 3775 [egg-security] use nosniff middleware
2018-05-01 09:59:06,203 INFO 3775 [egg-security] use xssProtection middleware
2018-05-01 09:59:06,204 INFO 3775 [egg-security] use xframe middleware
2018-05-01 09:59:06,205 INFO 3775 [egg-security] use dta middleware
2018-05-01 09:59:06,205 INFO 3775 [egg-security] compose 7 middlewares into one security middleware
2018-05-01 09:59:06,234 INFO 3775 [egg-watcher:app] watcher start success
2018-05-01 10:03:17,889 INFO 3793 [egg:logger] init all loggers with options: {"dir":"/Users/hpstream/code/egg-example/logs/egg-example","encoding":"utf8","env":"local","level":"INFO","consoleLevel":"INFO","disableConsoleAfterReady":false,"outputJSON":false,"buffer":true,"appLogName":"egg-example-web.log","coreLogName":"egg-web.log","agentLogName":"egg-agent.log","errorLogName":"common-error.log","coreLogger":{"consoleLevel":"WARN"},"allowDebugAtProd":true,"type":"application"}
2018-05-01 10:03:17,926 INFO 3793 [egg-schedule]: register schedule /Users/hpstream/code/egg-example/node_modules/_egg-logrotator@3.0.3@egg-logrotator/app/schedule/clean_log.js
2018-05-01 10:03:17,926 INFO 3793 [egg-schedule]: register schedule /Users/hpstream/code/egg-example/node_modules/_egg-logrotator@3.0.3@egg-logrotator/app/schedule/rotate_by_file.js
2018-05-01 10:03:17,992 INFO 3793 [egg-static] starting static serve /public/ -> /Users/hpstream/code/egg-example/app/public
2018-05-01 10:03:17,994 INFO 3793 [egg-security] use csrf middleware
2018-05-01 10:03:17,995 INFO 3793 [egg-security] use methodnoallow middleware
2018-05-01 10:03:17,996 INFO 3793 [egg-security] use noopen middleware
2018-05-01 10:03:17,997 INFO 3793 [egg-security] use nosniff middleware
2018-05-01 10:03:17,997 INFO 3793 [egg-security] use xssProtection middleware
2018-05-01 10:03:17,998 INFO 3793 [egg-security] use xframe middleware
2018-05-01 10:03:17,999 INFO 3793 [egg-security] use dta middleware
2018-05-01 10:03:17,999 INFO 3793 [egg-security] compose 7 middlewares into one security middleware
2018-05-01 10:03:18,025 INFO 3793 [egg-watcher:app] watcher start success
2018-05-01 10:03:37,796 INFO 3795 [egg:logger] init all loggers with options: {"dir":"/Users/hpstream/code/egg-example/logs/egg-example","encoding":"utf8","env":"local","level":"INFO","consoleLevel":"INFO","disableConsoleAfterReady":false,"outputJSON":false,"buffer":true,"appLogName":"egg-example-web.log","coreLogName":"egg-web.log","agentLogName":"egg-agent.log","errorLogName":"common-error.log","coreLogger":{"consoleLevel":"WARN"},"allowDebugAtProd":true,"type":"application"}
2018-05-01 10:03:37,833 INFO 3795 [egg-schedule]: register schedule /Users/hpstream/code/egg-example/node_modules/_egg-logrotator@3.0.3@egg-logrotator/app/schedule/clean_log.js
2018-05-01 10:03:37,833 INFO 3795 [egg-schedule]: register schedule /Users/hpstream/code/egg-example/node_modules/_egg-logrotator@3.0.3@egg-logrotator/app/schedule/rotate_by_file.js
2018-05-01 10:03:37,873 INFO 3795 [egg-static] starting static serve /public/ -> /Users/hpstream/code/egg-example/app/public
2018-05-01 10:03:37,877 INFO 3795 [egg-security] use csrf middleware
2018-05-01 10:03:37,878 INFO 3795 [egg-security] use methodnoallow middleware
2018-05-01 10:03:37,878 INFO 3795 [egg-security] use noopen middleware
2018-05-01 10:03:37,879 INFO 3795 [egg-security] use nosniff middleware
2018-05-01 10:03:37,879 INFO 3795 [egg-security] use xssProtection middleware
2018-05-01 10:03:37,879 INFO 3795 [egg-security] use xframe middleware
2018-05-01 10:03:37,880 INFO 3795 [egg-security] use dta middleware
2018-05-01 10:03:37,880 INFO 3795 [egg-security] compose 7 middlewares into one security middleware
2018-05-01 10:03:37,908 INFO 3795 [egg-watcher:app] watcher start success
2018-05-01 10:06:22,352 INFO 3824 [egg:logger] init all loggers with options: {"dir":"/Users/hpstream/code/egg-example/logs/egg-example","encoding":"utf8","env":"local","level":"INFO","consoleLevel":"INFO","disableConsoleAfterReady":false,"outputJSON":false,"buffer":true,"appLogName":"egg-example-web.log","coreLogName":"egg-web.log","agentLogName":"egg-agent.log","errorLogName":"common-error.log","coreLogger":{"consoleLevel":"WARN"},"allowDebugAtProd":true,"type":"application"}
2018-05-01 10:06:22,387 INFO 3824 [egg-schedule]: register schedule /Users/hpstream/code/egg-example/node_modules/_egg-logrotator@3.0.3@egg-logrotator/app/schedule/clean_log.js
2018-05-01 10:06:22,387 INFO 3824 [egg-schedule]: register schedule /Users/hpstream/code/egg-example/node_modules/_egg-logrotator@3.0.3@egg-logrotator/app/schedule/rotate_by_file.js
2018-05-01 10:06:22,420 INFO 3824 [egg-static] starting static serve /public/ -> /Users/hpstream/code/egg-example/app/public
2018-05-01 10:06:22,422 INFO 3824 [egg-security] use csrf middleware
2018-05-01 10:06:22,423 INFO 3824 [egg-security] use methodnoallow middleware
2018-05-01 10:06:22,423 INFO 3824 [egg-security] use noopen middleware
2018-05-01 10:06:22,423 INFO 3824 [egg-security] use nosniff middleware
2018-05-01 10:06:22,423 INFO 3824 [egg-security] use xssProtection middleware
2018-05-01 10:06:22,424 INFO 3824 [egg-security] use xframe middleware
2018-05-01 10:06:22,424 INFO 3824 [egg-security] use dta middleware
2018-05-01 10:06:22,424 INFO 3824 [egg-security] compose 7 middlewares into one security middleware
2018-05-01 10:06:22,452 INFO 3824 [egg-watcher:app] watcher start success
2018-05-01 10:07:37,015 INFO 3829 [egg:logger] init all loggers with options: {"dir":"/Users/hpstream/code/egg-example/logs/egg-example","encoding":"utf8","env":"local","level":"INFO","consoleLevel":"INFO","disableConsoleAfterReady":false,"outputJSON":false,"buffer":true,"appLogName":"egg-example-web.log","coreLogName":"egg-web.log","agentLogName":"egg-agent.log","errorLogName":"common-error.log","coreLogger":{"consoleLevel":"WARN"},"allowDebugAtProd":true,"type":"application"}
2018-05-01 10:07:37,049 INFO 3829 [egg-schedule]: register schedule /Users/hpstream/code/egg-example/node_modules/_egg-logrotator@3.0.3@egg-logrotator/app/schedule/clean_log.js
2018-05-01 10:07:37,051 INFO 3829 [egg-schedule]: register schedule /Users/hpstream/code/egg-example/node_modules/_egg-logrotator@3.0.3@egg-logrotator/app/schedule/rotate_by_file.js
2018-05-01 10:07:37,090 INFO 3829 [egg-static] starting static serve /public/ -> /Users/hpstream/code/egg-example/app/public
2018-05-01 10:07:37,094 INFO 3829 [egg-security] use csrf middleware
2018-05-01 10:07:37,097 INFO 3829 [egg-security] use methodnoallow middleware
2018-05-01 10:07:37,097 INFO 3829 [egg-security] use noopen middleware
2018-05-01 10:07:37,098 INFO 3829 [egg-security] use nosniff middleware
2018-05-01 10:07:37,098 INFO 3829 [egg-security] use xssProtection middleware
2018-05-01 10:07:37,099 INFO 3829 [egg-security] use xframe middleware
2018-05-01 10:07:37,100 INFO 3829 [egg-security] use dta middleware
2018-05-01 10:07:37,100 INFO 3829 [egg-security] compose 7 middlewares into one security middleware
2018-05-01 10:07:37,136 INFO 3829 [egg-watcher:app] watcher start success
2018-05-01 10:51:20,963 INFO 3912 [egg:logger] init all loggers with options: {"dir":"/Users/hpstream/code/egg-example/logs/egg-example","encoding":"utf8","env":"local","level":"INFO","consoleLevel":"INFO","disableConsoleAfterReady":false,"outputJSON":false,"buffer":true,"appLogName":"egg-example-web.log","coreLogName":"egg-web.log","agentLogName":"egg-agent.log","errorLogName":"common-error.log","coreLogger":{"consoleLevel":"WARN"},"allowDebugAtProd":true,"type":"application"}
2018-05-01 10:51:21,000 INFO 3912 [egg-schedule]: register schedule /Users/hpstream/code/egg-example/node_modules/_egg-logrotator@3.0.3@egg-logrotator/app/schedule/clean_log.js
2018-05-01 10:51:21,000 INFO 3912 [egg-schedule]: register schedule /Users/hpstream/code/egg-example/node_modules/_egg-logrotator@3.0.3@egg-logrotator/app/schedule/rotate_by_file.js
2018-05-01 10:51:21,032 INFO 3912 [egg-static] starting static serve /public/ -> /Users/hpstream/code/egg-example/app/public
2018-05-01 10:51:21,034 INFO 3912 [egg-security] use csrf middleware
2018-05-01 10:51:21,035 INFO 3912 [egg-security] use methodnoallow middleware
2018-05-01 10:51:21,035 INFO 3912 [egg-security] use noopen middleware
2018-05-01 10:51:21,035 INFO 3912 [egg-security] use nosniff middleware
2018-05-01 10:51:21,036 INFO 3912 [egg-security] use xssProtection middleware
2018-05-01 10:51:21,036 INFO 3912 [egg-security] use xframe middleware
2018-05-01 10:51:21,037 INFO 3912 [egg-security] use dta middleware
2018-05-01 10:51:21,037 INFO 3912 [egg-security] compose 7 middlewares into one security middleware
2018-05-01 10:51:21,065 INFO 3912 [egg-watcher:app] watcher start success
2018-05-01 10:53:32,367 INFO 3924 [egg:logger] init all loggers with options: {"dir":"/Users/hpstream/code/egg-example/logs/egg-example","encoding":"utf8","env":"local","level":"INFO","consoleLevel":"INFO","disableConsoleAfterReady":false,"outputJSON":false,"buffer":true,"appLogName":"egg-example-web.log","coreLogName":"egg-web.log","agentLogName":"egg-agent.log","errorLogName":"common-error.log","coreLogger":{"consoleLevel":"WARN"},"allowDebugAtProd":true,"type":"application"}
2018-05-01 10:53:32,405 INFO 3924 [egg-schedule]: register schedule /Users/hpstream/code/egg-example/node_modules/_egg-logrotator@3.0.3@egg-logrotator/app/schedule/clean_log.js
2018-05-01 10:53:32,405 INFO 3924 [egg-schedule]: register schedule /Users/hpstream/code/egg-example/node_modules/_egg-logrotator@3.0.3@egg-logrotator/app/schedule/rotate_by_file.js
2018-05-01 10:53:32,440 INFO 3924 [egg-static] starting static serve /public/ -> /Users/hpstream/code/egg-example/app/public
2018-05-01 10:53:32,442 INFO 3924 [egg-security] use csrf middleware
2018-05-01 10:53:32,443 INFO 3924 [egg-security] use methodnoallow middleware
2018-05-01 10:53:32,443 INFO 3924 [egg-security] use noopen middleware
2018-05-01 10:53:32,443 INFO 3924 [egg-security] use nosniff middleware
2018-05-01 10:53:32,444 INFO 3924 [egg-security] use xssProtection middleware
2018-05-01 10:53:32,444 INFO 3924 [egg-security] use xframe middleware
2018-05-01 10:53:32,444 INFO 3924 [egg-security] use dta middleware
2018-05-01 10:53:32,444 INFO 3924 [egg-security] compose 7 middlewares into one security middleware
2018-05-01 10:53:32,469 INFO 3924 [egg-watcher:app] watcher start success
2018-05-01 10:54:12,877 INFO 3929 [egg:logger] init all loggers with options: {"dir":"/Users/hpstream/code/egg-example/logs/egg-example","encoding":"utf8","env":"local","level":"INFO","consoleLevel":"INFO","disableConsoleAfterReady":false,"outputJSON":false,"buffer":true,"appLogName":"egg-example-web.log","coreLogName":"egg-web.log","agentLogName":"egg-agent.log","errorLogName":"common-error.log","coreLogger":{"consoleLevel":"WARN"},"allowDebugAtProd":true,"type":"application"}
2018-05-01 10:54:12,917 INFO 3929 [egg-schedule]: register schedule /Users/hpstream/code/egg-example/node_modules/_egg-logrotator@3.0.3@egg-logrotator/app/schedule/clean_log.js
2018-05-01 10:54:12,917 INFO 3929 [egg-schedule]: register schedule /Users/hpstream/code/egg-example/node_modules/_egg-logrotator@3.0.3@egg-logrotator/app/schedule/rotate_by_file.js
2018-05-01 10:54:12,953 INFO 3929 [egg-static] starting static serve /public/ -> /Users/hpstream/code/egg-example/app/public
2018-05-01 10:54:12,955 INFO 3929 [egg-security] use csrf middleware
2018-05-01 10:54:12,956 INFO 3929 [egg-security] use methodnoallow middleware
2018-05-01 10:54:12,956 INFO 3929 [egg-security] use noopen middleware
2018-05-01 10:54:12,957 INFO 3929 [egg-security] use nosniff middleware
2018-05-01 10:54:12,957 INFO 3929 [egg-security] use xssProtection middleware
2018-05-01 10:54:12,957 INFO 3929 [egg-security] use xframe middleware
2018-05-01 10:54:12,958 INFO 3929 [egg-security] use dta middleware
2018-05-01 10:54:12,958 INFO 3929 [egg-security] compose 7 middlewares into one security middleware
2018-05-01 10:54:12,987 INFO 3929 [egg-watcher:app] watcher start success
2018-05-01 10:54:45,386 INFO 3931 [egg:logger] init all loggers with options: {"dir":"/Users/hpstream/code/egg-example/logs/egg-example","encoding":"utf8","env":"local","level":"INFO","consoleLevel":"INFO","disableConsoleAfterReady":false,"outputJSON":false,"buffer":true,"appLogName":"egg-example-web.log","coreLogName":"egg-web.log","agentLogName":"egg-agent.log","errorLogName":"common-error.log","coreLogger":{"consoleLevel":"WARN"},"allowDebugAtProd":true,"type":"application"}
2018-05-01 10:54:45,420 INFO 3931 [egg-schedule]: register schedule /Users/hpstream/code/egg-example/node_modules/_egg-logrotator@3.0.3@egg-logrotator/app/schedule/clean_log.js
2018-05-01 10:54:45,420 INFO 3931 [egg-schedule]: register schedule /Users/hpstream/code/egg-example/node_modules/_egg-logrotator@3.0.3@egg-logrotator/app/schedule/rotate_by_file.js
2018-05-01 10:54:45,455 INFO 3931 [egg-static] starting static serve /public/ -> /Users/hpstream/code/egg-example/app/public
2018-05-01 10:54:45,457 INFO 3931 [egg-security] use csrf middleware
2018-05-01 10:54:45,458 INFO 3931 [egg-security] use methodnoallow middleware
2018-05-01 10:54:45,458 INFO 3931 [egg-security] use noopen middleware
2018-05-01 10:54:45,459 INFO 3931 [egg-security] use nosniff middleware
2018-05-01 10:54:45,459 INFO 3931 [egg-security] use xssProtection middleware
2018-05-01 10:54:45,459 INFO 3931 [egg-security] use xframe middleware
2018-05-01 10:54:45,459 INFO 3931 [egg-security] use dta middleware
2018-05-01 10:54:45,459 INFO 3931 [egg-security] compose 7 middlewares into one security middleware
2018-05-01 10:54:45,485 INFO 3931 [egg-watcher:app] watcher start success
2018-05-01 11:03:42,896 INFO 3971 [egg:logger] init all loggers with options: {"dir":"/Users/hpstream/code/egg-example/logs/egg-example","encoding":"utf8","env":"local","level":"INFO","consoleLevel":"INFO","disableConsoleAfterReady":false,"outputJSON":false,"buffer":true,"appLogName":"egg-example-web.log","coreLogName":"egg-web.log","agentLogName":"egg-agent.log","errorLogName":"common-error.log","coreLogger":{"consoleLevel":"WARN"},"allowDebugAtProd":true,"type":"application"}
2018-05-01 11:03:42,930 INFO 3971 [egg-schedule]: register schedule /Users/hpstream/code/egg-example/node_modules/_egg-logrotator@3.0.3@egg-logrotator/app/schedule/clean_log.js
2018-05-01 11:03:42,930 INFO 3971 [egg-schedule]: register schedule /Users/hpstream/code/egg-example/node_modules/_egg-logrotator@3.0.3@egg-logrotator/app/schedule/rotate_by_file.js
2018-05-01 11:03:42,967 INFO 3971 [egg-static] starting static serve /public/ -> /Users/hpstream/code/egg-example/app/public
2018-05-01 11:03:42,969 INFO 3971 [egg-security] use csrf middleware
2018-05-01 11:03:42,970 INFO 3971 [egg-security] use methodnoallow middleware
2018-05-01 11:03:42,970 INFO 3971 [egg-security] use noopen middleware
2018-05-01 11:03:42,970 INFO 3971 [egg-security] use nosniff middleware
2018-05-01 11:03:42,971 INFO 3971 [egg-security] use xssProtection middleware
2018-05-01 11:03:42,971 INFO 3971 [egg-security] use xframe middleware
2018-05-01 11:03:42,971 INFO 3971 [egg-security] use dta middleware
2018-05-01 11:03:42,971 INFO 3971 [egg-security] compose 7 middlewares into one security middleware
2018-05-01 11:03:43,000 INFO 3971 [egg-watcher:app] watcher start success
2018-05-01 11:32:14,029 INFO 4043 [egg:logger] init all loggers with options: {"dir":"/Users/hpstream/code/egg-example/logs/egg-example","encoding":"utf8","env":"local","level":"INFO","consoleLevel":"INFO","disableConsoleAfterReady":false,"outputJSON":false,"buffer":true,"appLogName":"egg-example-web.log","coreLogName":"egg-web.log","agentLogName":"egg-agent.log","errorLogName":"common-error.log","coreLogger":{"consoleLevel":"WARN"},"allowDebugAtProd":true,"type":"application"}
2018-05-01 11:32:14,065 INFO 4043 [egg-schedule]: register schedule /Users/hpstream/code/egg-example/node_modules/_egg-logrotator@3.0.3@egg-logrotator/app/schedule/clean_log.js
2018-05-01 11:32:14,065 INFO 4043 [egg-schedule]: register schedule /Users/hpstream/code/egg-example/node_modules/_egg-logrotator@3.0.3@egg-logrotator/app/schedule/rotate_by_file.js
2018-05-01 11:32:14,104 INFO 4043 [egg-static] starting static serve /public/ -> /Users/hpstream/code/egg-example/app/public
2018-05-01 11:32:14,106 INFO 4043 [egg-security] use csrf middleware
2018-05-01 11:32:14,107 INFO 4043 [egg-security] use methodnoallow middleware
2018-05-01 11:32:14,108 INFO 4043 [egg-security] use noopen middleware
2018-05-01 11:32:14,108 INFO 4043 [egg-security] use nosniff middleware
2018-05-01 11:32:14,108 INFO 4043 [egg-security] use xssProtection middleware
2018-05-01 11:32:14,109 INFO 4043 [egg-security] use xframe middleware
2018-05-01 11:32:14,109 INFO 4043 [egg-security] use dta middleware
2018-05-01 11:32:14,109 INFO 4043 [egg-security] compose 7 middlewares into one security middleware
2018-05-01 11:32:14,142 INFO 4043 [egg-watcher:app] watcher start success
2018-05-01 11:33:49,078 INFO 4049 [egg:logger] init all loggers with options: {"dir":"/Users/hpstream/code/egg-example/logs/egg-example","encoding":"utf8","env":"local","level":"INFO","consoleLevel":"INFO","disableConsoleAfterReady":false,"outputJSON":false,"buffer":true,"appLogName":"egg-example-web.log","coreLogName":"egg-web.log","agentLogName":"egg-agent.log","errorLogName":"common-error.log","coreLogger":{"consoleLevel":"WARN"},"allowDebugAtProd":true,"type":"application"}
2018-05-01 11:33:49,127 INFO 4049 [egg-schedule]: register schedule /Users/hpstream/code/egg-example/node_modules/_egg-logrotator@3.0.3@egg-logrotator/app/schedule/clean_log.js
2018-05-01 11:33:49,127 INFO 4049 [egg-schedule]: register schedule /Users/hpstream/code/egg-example/node_modules/_egg-logrotator@3.0.3@egg-logrotator/app/schedule/rotate_by_file.js
2018-05-01 11:33:49,164 INFO 4049 [egg-static] starting static serve /public/ -> /Users/hpstream/code/egg-example/app/public
2018-05-01 11:33:49,168 INFO 4049 [egg-security] use csrf middleware
2018-05-01 11:33:49,169 INFO 4049 [egg-security] use methodnoallow middleware
2018-05-01 11:33:49,170 INFO 4049 [egg-security] use noopen middleware
2018-05-01 11:33:49,170 INFO 4049 [egg-security] use nosniff middleware
2018-05-01 11:33:49,170 INFO 4049 [egg-security] use xssProtection middleware
2018-05-01 11:33:49,171 INFO 4049 [egg-security] use xframe middleware
2018-05-01 11:33:49,171 INFO 4049 [egg-security] use dta middleware
2018-05-01 11:33:49,171 INFO 4049 [egg-security] compose 7 middlewares into one security middleware
2018-05-01 11:33:49,211 INFO 4049 [egg-watcher:app] watcher start success
2018-05-01 11:44:10,161 INFO 4114 [egg:logger] init all loggers with options: {"dir":"/Users/hpstream/code/egg-example/logs/egg-example","encoding":"utf8","env":"local","level":"INFO","consoleLevel":"INFO","disableConsoleAfterReady":false,"outputJSON":false,"buffer":true,"appLogName":"egg-example-web.log","coreLogName":"egg-web.log","agentLogName":"egg-agent.log","errorLogName":"common-error.log","coreLogger":{"consoleLevel":"WARN"},"allowDebugAtProd":true,"type":"application"}
2018-05-01 11:44:10,196 INFO 4114 [egg-schedule]: register schedule /Users/hpstream/code/egg-example/node_modules/_egg-logrotator@3.0.3@egg-logrotator/app/schedule/clean_log.js
2018-05-01 11:44:10,196 INFO 4114 [egg-schedule]: register schedule /Users/hpstream/code/egg-example/node_modules/_egg-logrotator@3.0.3@egg-logrotator/app/schedule/rotate_by_file.js
2018-05-01 11:44:10,228 INFO 4114 [egg-static] starting static serve /public/ -> /Users/hpstream/code/egg-example/app/public
2018-05-01 11:44:10,230 INFO 4114 [egg-security] use csrf middleware
2018-05-01 11:44:10,231 INFO 4114 [egg-security] use methodnoallow middleware
2018-05-01 11:44:10,231 INFO 4114 [egg-security] use noopen middleware
2018-05-01 11:44:10,231 INFO 4114 [egg-security] use nosniff middleware
2018-05-01 11:44:10,232 INFO 4114 [egg-security] use xssProtection middleware
2018-05-01 11:44:10,232 INFO 4114 [egg-security] use xframe middleware
2018-05-01 11:44:10,232 INFO 4114 [egg-security] use dta middleware
2018-05-01 11:44:10,232 INFO 4114 [egg-security] compose 7 middlewares into one security middleware
2018-05-01 11:44:10,261 INFO 4114 [egg-watcher:app] watcher start success
2018-05-01 11:45:43,515 INFO 4117 [egg:logger] init all loggers with options: {"dir":"/Users/hpstream/code/egg-example/logs/egg-example","encoding":"utf8","env":"local","level":"INFO","consoleLevel":"INFO","disableConsoleAfterReady":false,"outputJSON":false,"buffer":true,"appLogName":"egg-example-web.log","coreLogName":"egg-web.log","agentLogName":"egg-agent.log","errorLogName":"common-error.log","coreLogger":{"consoleLevel":"WARN"},"allowDebugAtProd":true,"type":"application"}
2018-05-01 11:45:43,553 INFO 4117 [egg-schedule]: register schedule /Users/hpstream/code/egg-example/node_modules/_egg-logrotator@3.0.3@egg-logrotator/app/schedule/clean_log.js
2018-05-01 11:45:43,553 INFO 4117 [egg-schedule]: register schedule /Users/hpstream/code/egg-example/node_modules/_egg-logrotator@3.0.3@egg-logrotator/app/schedule/rotate_by_file.js
2018-05-01 11:45:43,594 INFO 4117 [egg-static] starting static serve /public/ -> /Users/hpstream/code/egg-example/app/public
2018-05-01 11:45:43,597 INFO 4117 [egg-security] use csrf middleware
2018-05-01 11:45:43,598 INFO 4117 [egg-security] use methodnoallow middleware
2018-05-01 11:45:43,598 INFO 4117 [egg-security] use noopen middleware
2018-05-01 11:45:43,598 INFO 4117 [egg-security] use nosniff middleware
2018-05-01 11:45:43,599 INFO 4117 [egg-security] use xssProtection middleware
2018-05-01 11:45:43,599 INFO 4117 [egg-security] use xframe middleware
2018-05-01 11:45:43,600 INFO 4117 [egg-security] use dta middleware
2018-05-01 11:45:43,600 INFO 4117 [egg-security] compose 7 middlewares into one security middleware
2018-05-01 11:45:43,626 INFO 4117 [egg-watcher:app] watcher start success
2018-05-01 11:47:41,642 INFO 4125 [egg:logger] init all loggers with options: {"dir":"/Users/hpstream/code/egg-example/logs/egg-example","encoding":"utf8","env":"local","level":"INFO","consoleLevel":"INFO","disableConsoleAfterReady":false,"outputJSON":false,"buffer":true,"appLogName":"egg-example-web.log","coreLogName":"egg-web.log","agentLogName":"egg-agent.log","errorLogName":"common-error.log","coreLogger":{"consoleLevel":"WARN"},"allowDebugAtProd":true,"type":"application"}
2018-05-01 11:47:41,676 INFO 4125 [egg-schedule]: register schedule /Users/hpstream/code/egg-example/node_modules/_egg-logrotator@3.0.3@egg-logrotator/app/schedule/clean_log.js
2018-05-01 11:47:41,676 INFO 4125 [egg-schedule]: register schedule /Users/hpstream/code/egg-example/node_modules/_egg-logrotator@3.0.3@egg-logrotator/app/schedule/rotate_by_file.js
2018-05-01 11:47:41,708 INFO 4125 [egg-static] starting static serve /public/ -> /Users/hpstream/code/egg-example/app/public
2018-05-01 11:47:41,711 INFO 4125 [egg-security] use csrf middleware
2018-05-01 11:47:41,711 INFO 4125 [egg-security] use methodnoallow middleware
2018-05-01 11:47:41,712 INFO 4125 [egg-security] use noopen middleware
2018-05-01 11:47:41,712 INFO 4125 [egg-security] use nosniff middleware
2018-05-01 11:47:41,712 INFO 4125 [egg-security] use xssProtection middleware
2018-05-01 11:47:41,712 INFO 4125 [egg-security] use xframe middleware
2018-05-01 11:47:41,713 INFO 4125 [egg-security] use dta middleware
2018-05-01 11:47:41,713 INFO 4125 [egg-security] compose 7 middlewares into one security middleware
2018-05-01 11:47:41,738 INFO 4125 [egg-watcher:app] watcher start success
2018-05-01 11:48:13,056 INFO 4127 [egg:logger] init all loggers with options: {"dir":"/Users/hpstream/code/egg-example/logs/egg-example","encoding":"utf8","env":"local","level":"INFO","consoleLevel":"INFO","disableConsoleAfterReady":false,"outputJSON":false,"buffer":true,"appLogName":"egg-example-web.log","coreLogName":"egg-web.log","agentLogName":"egg-agent.log","errorLogName":"common-error.log","coreLogger":{"consoleLevel":"WARN"},"allowDebugAtProd":true,"type":"application"}
2018-05-01 11:48:13,090 INFO 4127 [egg-schedule]: register schedule /Users/hpstream/code/egg-example/node_modules/_egg-logrotator@3.0.3@egg-logrotator/app/schedule/clean_log.js
2018-05-01 11:48:13,090 INFO 4127 [egg-schedule]: register schedule /Users/hpstream/code/egg-example/node_modules/_egg-logrotator@3.0.3@egg-logrotator/app/schedule/rotate_by_file.js
2018-05-01 11:48:13,127 INFO 4127 [egg-static] starting static serve /public/ -> /Users/hpstream/code/egg-example/app/public
2018-05-01 11:48:13,129 INFO 4127 [egg-security] use csrf middleware
2018-05-01 11:48:13,130 INFO 4127 [egg-security] use methodnoallow middleware
2018-05-01 11:48:13,131 INFO 4127 [egg-security] use noopen middleware
2018-05-01 11:48:13,131 INFO 4127 [egg-security] use nosniff middleware
2018-05-01 11:48:13,132 INFO 4127 [egg-security] use xssProtection middleware
2018-05-01 11:48:13,132 INFO 4127 [egg-security] use xframe middleware
2018-05-01 11:48:13,132 INFO 4127 [egg-security] use dta middleware
2018-05-01 11:48:13,132 INFO 4127 [egg-security] compose 7 middlewares into one security middleware
2018-05-01 11:48:13,159 INFO 4127 [egg-watcher:app] watcher start success
2018-05-01 11:48:41,695 INFO 4128 [egg:logger] init all loggers with options: {"dir":"/Users/hpstream/code/egg-example/logs/egg-example","encoding":"utf8","env":"local","level":"INFO","consoleLevel":"INFO","disableConsoleAfterReady":false,"outputJSON":false,"buffer":true,"appLogName":"egg-example-web.log","coreLogName":"egg-web.log","agentLogName":"egg-agent.log","errorLogName":"common-error.log","coreLogger":{"consoleLevel":"WARN"},"allowDebugAtProd":true,"type":"application"}
2018-05-01 11:48:41,731 INFO 4128 [egg-schedule]: register schedule /Users/hpstream/code/egg-example/node_modules/_egg-logrotator@3.0.3@egg-logrotator/app/schedule/clean_log.js
2018-05-01 11:48:41,731 INFO 4128 [egg-schedule]: register schedule /Users/hpstream/code/egg-example/node_modules/_egg-logrotator@3.0.3@egg-logrotator/app/schedule/rotate_by_file.js
2018-05-01 11:48:41,763 INFO 4128 [egg-static] starting static serve /public/ -> /Users/hpstream/code/egg-example/app/public
2018-05-01 11:48:41,765 INFO 4128 [egg-security] use csrf middleware
2018-05-01 11:48:41,766 INFO 4128 [egg-security] use methodnoallow middleware
2018-05-01 11:48:41,766 INFO 4128 [egg-security] use noopen middleware
2018-05-01 11:48:41,766 INFO 4128 [egg-security] use nosniff middleware
2018-05-01 11:48:41,766 INFO 4128 [egg-security] use xssProtection middleware
2018-05-01 11:48:41,767 INFO 4128 [egg-security] use xframe middleware
2018-05-01 11:48:41,767 INFO 4128 [egg-security] use dta middleware
2018-05-01 11:48:41,767 INFO 4128 [egg-security] compose 7 middlewares into one security middleware
2018-05-01 11:48:41,792 INFO 4128 [egg-watcher:app] watcher start success
2018-05-01 11:49:12,125 INFO 4130 [egg:logger] init all loggers with options: {"dir":"/Users/hpstream/code/egg-example/logs/egg-example","encoding":"utf8","env":"local","level":"INFO","consoleLevel":"INFO","disableConsoleAfterReady":false,"outputJSON":false,"buffer":true,"appLogName":"egg-example-web.log","coreLogName":"egg-web.log","agentLogName":"egg-agent.log","errorLogName":"common-error.log","coreLogger":{"consoleLevel":"WARN"},"allowDebugAtProd":true,"type":"application"}
2018-05-01 11:49:12,165 INFO 4130 [egg-schedule]: register schedule /Users/hpstream/code/egg-example/node_modules/_egg-logrotator@3.0.3@egg-logrotator/app/schedule/clean_log.js
2018-05-01 11:49:12,165 INFO 4130 [egg-schedule]: register schedule /Users/hpstream/code/egg-example/node_modules/_egg-logrotator@3.0.3@egg-logrotator/app/schedule/rotate_by_file.js
2018-05-01 11:49:12,204 INFO 4130 [egg-static] starting static serve /public/ -> /Users/hpstream/code/egg-example/app/public
2018-05-01 11:49:12,206 INFO 4130 [egg-security] use csrf middleware
2018-05-01 11:49:12,207 INFO 4130 [egg-security] use methodnoallow middleware
2018-05-01 11:49:12,207 INFO 4130 [egg-security] use noopen middleware
2018-05-01 11:49:12,207 INFO 4130 [egg-security] use nosniff middleware
2018-05-01 11:49:12,208 INFO 4130 [egg-security] use xssProtection middleware
2018-05-01 11:49:12,208 INFO 4130 [egg-security] use xframe middleware
2018-05-01 11:49:12,209 INFO 4130 [egg-security] use dta middleware
2018-05-01 11:49:12,209 INFO 4130 [egg-security] compose 7 middlewares into one security middleware
2018-05-01 11:49:12,261 INFO 4130 [egg-watcher:app] watcher start success
2018-05-01 11:49:53,096 INFO 4131 [egg:logger] init all loggers with options: {"dir":"/Users/hpstream/code/egg-example/logs/egg-example","encoding":"utf8","env":"local","level":"INFO","consoleLevel":"INFO","disableConsoleAfterReady":false,"outputJSON":false,"buffer":true,"appLogName":"egg-example-web.log","coreLogName":"egg-web.log","agentLogName":"egg-agent.log","errorLogName":"common-error.log","coreLogger":{"consoleLevel":"WARN"},"allowDebugAtProd":true,"type":"application"}
2018-05-01 11:49:53,160 INFO 4131 [egg-schedule]: register schedule /Users/hpstream/code/egg-example/node_modules/_egg-logrotator@3.0.3@egg-logrotator/app/schedule/clean_log.js
2018-05-01 11:49:53,160 INFO 4131 [egg-schedule]: register schedule /Users/hpstream/code/egg-example/node_modules/_egg-logrotator@3.0.3@egg-logrotator/app/schedule/rotate_by_file.js
2018-05-01 11:49:53,201 INFO 4131 [egg-static] starting static serve /public/ -> /Users/hpstream/code/egg-example/app/public
2018-05-01 11:49:53,203 INFO 4131 [egg-security] use csrf middleware
2018-05-01 11:49:53,203 INFO 4131 [egg-security] use methodnoallow middleware
2018-05-01 11:49:53,204 INFO 4131 [egg-security] use noopen middleware
2018-05-01 11:49:53,204 INFO 4131 [egg-security] use nosniff middleware
2018-05-01 11:49:53,204 INFO 4131 [egg-security] use xssProtection middleware
2018-05-01 11:49:53,204 INFO 4131 [egg-security] use xframe middleware
2018-05-01 11:49:53,205 INFO 4131 [egg-security] use dta middleware
2018-05-01 11:49:53,205 INFO 4131 [egg-security] compose 7 middlewares into one security middleware
2018-05-01 11:49:53,238 INFO 4131 [egg-watcher:app] watcher start success
2018-05-01 11:51:23,118 INFO 4156 [egg:logger] init all loggers with options: {"dir":"/Users/hpstream/code/egg-example/logs/egg-example","encoding":"utf8","env":"local","level":"INFO","consoleLevel":"INFO","disableConsoleAfterReady":false,"outputJSON":false,"buffer":true,"appLogName":"egg-example-web.log","coreLogName":"egg-web.log","agentLogName":"egg-agent.log","errorLogName":"common-error.log","coreLogger":{"consoleLevel":"WARN"},"allowDebugAtProd":true,"type":"application"}
2018-05-01 11:51:23,150 INFO 4156 [egg-schedule]: register schedule /Users/hpstream/code/egg-example/node_modules/_egg-logrotator@3.0.3@egg-logrotator/app/schedule/clean_log.js
2018-05-01 11:51:23,150 INFO 4156 [egg-schedule]: register schedule /Users/hpstream/code/egg-example/node_modules/_egg-logrotator@3.0.3@egg-logrotator/app/schedule/rotate_by_file.js
2018-05-01 11:51:23,185 INFO 4156 [egg-static] starting static serve /public/ -> view
2018-05-01 11:51:23,187 INFO 4156 [egg-security] use csrf middleware
2018-05-01 11:51:23,188 INFO 4156 [egg-security] use methodnoallow middleware
2018-05-01 11:51:23,188 INFO 4156 [egg-security] use noopen middleware
2018-05-01 11:51:23,188 INFO 4156 [egg-security] use nosniff middleware
2018-05-01 11:51:23,189 INFO 4156 [egg-security] use xssProtection middleware
2018-05-01 11:51:23,189 INFO 4156 [egg-security] use xframe middleware
2018-05-01 11:51:23,189 INFO 4156 [egg-security] use dta middleware
2018-05-01 11:51:23,189 INFO 4156 [egg-security] compose 7 middlewares into one security middleware
2018-05-01 11:51:23,215 INFO 4156 [egg-watcher:app] watcher start success
2018-05-01 11:51:51,538 INFO 4158 [egg:logger] init all loggers with options: {"dir":"/Users/hpstream/code/egg-example/logs/egg-example","encoding":"utf8","env":"local","level":"INFO","consoleLevel":"INFO","disableConsoleAfterReady":false,"outputJSON":false,"buffer":true,"appLogName":"egg-example-web.log","coreLogName":"egg-web.log","agentLogName":"egg-agent.log","errorLogName":"common-error.log","coreLogger":{"consoleLevel":"WARN"},"allowDebugAtProd":true,"type":"application"}
2018-05-01 11:51:51,577 INFO 4158 [egg-schedule]: register schedule /Users/hpstream/code/egg-example/node_modules/_egg-logrotator@3.0.3@egg-logrotator/app/schedule/clean_log.js
2018-05-01 11:51:51,577 INFO 4158 [egg-schedule]: register schedule /Users/hpstream/code/egg-example/node_modules/_egg-logrotator@3.0.3@egg-logrotator/app/schedule/rotate_by_file.js
2018-05-01 11:51:51,610 INFO 4158 [egg-static] starting static serve /public/ -> app/view
2018-05-01 11:51:51,612 INFO 4158 [egg-security] use csrf middleware
2018-05-01 11:51:51,613 INFO 4158 [egg-security] use methodnoallow middleware
2018-05-01 11:51:51,613 INFO 4158 [egg-security] use noopen middleware
2018-05-01 11:51:51,614 INFO 4158 [egg-security] use nosniff middleware
2018-05-01 11:51:51,614 INFO 4158 [egg-security] use xssProtection middleware
2018-05-01 11:51:51,614 INFO 4158 [egg-security] use xframe middleware
2018-05-01 11:51:51,615 INFO 4158 [egg-security] use dta middleware
2018-05-01 11:51:51,615 INFO 4158 [egg-security] compose 7 middlewares into one security middleware
2018-05-01 11:51:51,641 INFO 4158 [egg-watcher:app] watcher start success
2018-05-01 12:10:48,676 WARN 4158 [ClusterClient:Watcher] follower closed, and try to init it again
2018-05-01 14:33:07,006 WARN 4158 [ClusterClient:Watcher] follower closed, and try to init it again
2018-05-01 14:34:51,626 INFO 4251 [egg:logger] init all loggers with options: {"dir":"/Users/hpstream/code/egg-example/logs/egg-example","encoding":"utf8","env":"local","level":"INFO","consoleLevel":"INFO","disableConsoleAfterReady":false,"outputJSON":false,"buffer":true,"appLogName":"egg-example-web.log","coreLogName":"egg-web.log","agentLogName":"egg-agent.log","errorLogName":"common-error.log","coreLogger":{"consoleLevel":"WARN"},"allowDebugAtProd":true,"type":"application"}
2018-05-01 14:34:51,680 INFO 4251 [egg-schedule]: register schedule /Users/hpstream/code/egg-example/node_modules/_egg-logrotator@3.0.3@egg-logrotator/app/schedule/clean_log.js
2018-05-01 14:34:51,680 INFO 4251 [egg-schedule]: register schedule /Users/hpstream/code/egg-example/node_modules/_egg-logrotator@3.0.3@egg-logrotator/app/schedule/rotate_by_file.js
2018-05-01 14:34:51,768 INFO 4251 [egg-static] starting static serve /public/ -> app/view
2018-05-01 14:34:51,771 INFO 4251 [egg-security] use csrf middleware
2018-05-01 14:34:51,772 INFO 4251 [egg-security] use methodnoallow middleware
2018-05-01 14:34:51,773 INFO 4251 [egg-security] use noopen middleware
2018-05-01 14:34:51,774 INFO 4251 [egg-security] use nosniff middleware
2018-05-01 14:34:51,775 INFO 4251 [egg-security] use xssProtection middleware
2018-05-01 14:34:51,776 INFO 4251 [egg-security] use xframe middleware
2018-05-01 14:34:51,777 INFO 4251 [egg-security] use dta middleware
2018-05-01 14:34:51,777 INFO 4251 [egg-security] compose 7 middlewares into one security middleware
2018-05-01 14:34:51,809 INFO 4251 [egg-watcher:app] watcher start success
2018-05-01 14:36:01,986 INFO 4254 [egg:logger] init all loggers with options: {"dir":"/Users/hpstream/code/egg-example/logs/egg-example","encoding":"utf8","env":"local","level":"INFO","consoleLevel":"INFO","disableConsoleAfterReady":false,"outputJSON":false,"buffer":true,"appLogName":"egg-example-web.log","coreLogName":"egg-web.log","agentLogName":"egg-agent.log","errorLogName":"common-error.log","coreLogger":{"consoleLevel":"WARN"},"allowDebugAtProd":true,"type":"application"}
2018-05-01 14:36:02,037 INFO 4254 [egg-schedule]: register schedule /Users/hpstream/code/egg-example/node_modules/_egg-logrotator@3.0.3@egg-logrotator/app/schedule/clean_log.js
2018-05-01 14:36:02,037 INFO 4254 [egg-schedule]: register schedule /Users/hpstream/code/egg-example/node_modules/_egg-logrotator@3.0.3@egg-logrotator/app/schedule/rotate_by_file.js
2018-05-01 14:36:02,079 INFO 4254 [egg-static] starting static serve /public/ -> app/view
2018-05-01 14:36:02,085 INFO 4254 [egg-security] use csrf middleware
2018-05-01 14:36:02,086 INFO 4254 [egg-security] use methodnoallow middleware
2018-05-01 14:36:02,086 INFO 4254 [egg-security] use noopen middleware
2018-05-01 14:36:02,086 INFO 4254 [egg-security] use nosniff middleware
2018-05-01 14:36:02,087 INFO 4254 [egg-security] use xssProtection middleware
2018-05-01 14:36:02,087 INFO 4254 [egg-security] use xframe middleware
2018-05-01 14:36:02,087 INFO 4254 [egg-security] use dta middleware
2018-05-01 14:36:02,087 INFO 4254 [egg-security] compose 7 middlewares into one security middleware
2018-05-01 14:36:02,110 INFO 4254 [egg-watcher:app] watcher start success
2018-05-01 14:36:18,211 INFO 4255 [egg:logger] init all loggers with options: {"dir":"/Users/hpstream/code/egg-example/logs/egg-example","encoding":"utf8","env":"local","level":"INFO","consoleLevel":"INFO","disableConsoleAfterReady":false,"outputJSON":false,"buffer":true,"appLogName":"egg-example-web.log","coreLogName":"egg-web.log","agentLogName":"egg-agent.log","errorLogName":"common-error.log","coreLogger":{"consoleLevel":"WARN"},"allowDebugAtProd":true,"type":"application"}
2018-05-01 14:36:18,259 INFO 4255 [egg-schedule]: register schedule /Users/hpstream/code/egg-example/node_modules/_egg-logrotator@3.0.3@egg-logrotator/app/schedule/clean_log.js
2018-05-01 14:36:18,259 INFO 4255 [egg-schedule]: register schedule /Users/hpstream/code/egg-example/node_modules/_egg-logrotator@3.0.3@egg-logrotator/app/schedule/rotate_by_file.js
2018-05-01 14:36:18,298 INFO 4255 [egg-static] starting static serve /public/ -> app/view
2018-05-01 14:36:18,300 INFO 4255 [egg-security] use csrf middleware
2018-05-01 14:36:18,301 INFO 4255 [egg-security] use methodnoallow middleware
2018-05-01 14:36:18,301 INFO 4255 [egg-security] use noopen middleware
2018-05-01 14:36:18,302 INFO 4255 [egg-security] use nosniff middleware
2018-05-01 14:36:18,302 INFO 4255 [egg-security] use xssProtection middleware
2018-05-01 14:36:18,302 INFO 4255 [egg-security] use xframe middleware
2018-05-01 14:36:18,303 INFO 4255 [egg-security] use dta middleware
2018-05-01 14:36:18,303 INFO 4255 [egg-security] compose 7 middlewares into one security middleware
2018-05-01 14:36:18,333 INFO 4255 [egg-watcher:app] watcher start success
2018-05-01 14:39:29,379 INFO 4283 [egg:logger] init all loggers with options: {"dir":"/Users/hpstream/code/egg-example/logs/egg-example","encoding":"utf8","env":"local","level":"INFO","consoleLevel":"INFO","disableConsoleAfterReady":false,"outputJSON":false,"buffer":true,"appLogName":"egg-example-web.log","coreLogName":"egg-web.log","agentLogName":"egg-agent.log","errorLogName":"common-error.log","coreLogger":{"consoleLevel":"WARN"},"allowDebugAtProd":true,"type":"application"}
2018-05-01 14:39:29,417 INFO 4283 [egg-schedule]: register schedule /Users/hpstream/code/egg-example/node_modules/_egg-logrotator@3.0.3@egg-logrotator/app/schedule/clean_log.js
2018-05-01 14:39:29,417 INFO 4283 [egg-schedule]: register schedule /Users/hpstream/code/egg-example/node_modules/_egg-logrotator@3.0.3@egg-logrotator/app/schedule/rotate_by_file.js
2018-05-01 14:39:29,453 INFO 4283 [egg-static] starting static serve /public/ -> app/view
2018-05-01 14:39:29,455 INFO 4283 [egg-security] use csrf middleware
2018-05-01 14:39:29,456 INFO 4283 [egg-security] use methodnoallow middleware
2018-05-01 14:39:29,456 INFO 4283 [egg-security] use noopen middleware
2018-05-01 14:39:29,456 INFO 4283 [egg-security] use nosniff middleware
2018-05-01 14:39:29,456 INFO 4283 [egg-security] use xssProtection middleware
2018-05-01 14:39:29,457 INFO 4283 [egg-security] use xframe middleware
2018-05-01 14:39:29,457 INFO 4283 [egg-security] use dta middleware
2018-05-01 14:39:29,457 INFO 4283 [egg-security] compose 7 middlewares into one security middleware
2018-05-01 14:39:29,486 INFO 4283 [egg-watcher:app] watcher start success
2018-05-01 14:44:56,528 INFO 4294 [egg:logger] init all loggers with options: {"dir":"/Users/hpstream/code/egg-example/logs/egg-example","encoding":"utf8","env":"local","level":"INFO","consoleLevel":"INFO","disableConsoleAfterReady":false,"outputJSON":false,"buffer":true,"appLogName":"egg-example-web.log","coreLogName":"egg-web.log","agentLogName":"egg-agent.log","errorLogName":"common-error.log","coreLogger":{"consoleLevel":"WARN"},"allowDebugAtProd":true,"type":"application"}
2018-05-01 14:44:56,563 INFO 4294 [egg-schedule]: register schedule /Users/hpstream/code/egg-example/node_modules/_egg-logrotator@3.0.3@egg-logrotator/app/schedule/clean_log.js
2018-05-01 14:44:56,563 INFO 4294 [egg-schedule]: register schedule /Users/hpstream/code/egg-example/node_modules/_egg-logrotator@3.0.3@egg-logrotator/app/schedule/rotate_by_file.js
2018-05-01 14:44:56,596 INFO 4294 [egg-static] starting static serve /public/ -> app/view
2018-05-01 14:44:56,598 INFO 4294 [egg-security] use csrf middleware
2018-05-01 14:44:56,598 INFO 4294 [egg-security] use methodnoallow middleware
2018-05-01 14:44:56,599 INFO 4294 [egg-security] use noopen middleware
2018-05-01 14:44:56,599 INFO 4294 [egg-security] use nosniff middleware
2018-05-01 14:44:56,599 INFO 4294 [egg-security] use xssProtection middleware
2018-05-01 14:44:56,600 INFO 4294 [egg-security] use xframe middleware
2018-05-01 14:44:56,600 INFO 4294 [egg-security] use dta middleware
2018-05-01 14:44:56,600 INFO 4294 [egg-security] compose 7 middlewares into one security middleware
2018-05-01 14:44:56,626 INFO 4294 [egg-watcher:app] watcher start success
2018-05-01 14:44:59,428 INFO 4295 [egg:logger] init all loggers with options: {"dir":"/Users/hpstream/code/egg-example/logs/egg-example","encoding":"utf8","env":"local","level":"INFO","consoleLevel":"INFO","disableConsoleAfterReady":false,"outputJSON":false,"buffer":true,"appLogName":"egg-example-web.log","coreLogName":"egg-web.log","agentLogName":"egg-agent.log","errorLogName":"common-error.log","coreLogger":{"consoleLevel":"WARN"},"allowDebugAtProd":true,"type":"application"}
2018-05-01 14:44:59,466 INFO 4295 [egg-schedule]: register schedule /Users/hpstream/code/egg-example/node_modules/_egg-logrotator@3.0.3@egg-logrotator/app/schedule/clean_log.js
2018-05-01 14:44:59,466 INFO 4295 [egg-schedule]: register schedule /Users/hpstream/code/egg-example/node_modules/_egg-logrotator@3.0.3@egg-logrotator/app/schedule/rotate_by_file.js
2018-05-01 14:44:59,524 INFO 4295 [egg-static] starting static serve /public/ -> app/view
2018-05-01 14:44:59,528 INFO 4295 [egg-security] use csrf middleware
2018-05-01 14:44:59,529 INFO 4295 [egg-security] use methodnoallow middleware
2018-05-01 14:44:59,530 INFO 4295 [egg-security] use noopen middleware
2018-05-01 14:44:59,531 INFO 4295 [egg-security] use nosniff middleware
2018-05-01 14:44:59,531 INFO 4295 [egg-security] use xssProtection middleware
2018-05-01 14:44:59,531 INFO 4295 [egg-security] use xframe middleware
2018-05-01 14:44:59,532 INFO 4295 [egg-security] use dta middleware
2018-05-01 14:44:59,532 INFO 4295 [egg-security] compose 7 middlewares into one security middleware
2018-05-01 14:44:59,563 INFO 4295 [egg-watcher:app] watcher start success
2018-05-01 14:45:05,539 INFO 4296 [egg:logger] init all loggers with options: {"dir":"/Users/hpstream/code/egg-example/logs/egg-example","encoding":"utf8","env":"local","level":"INFO","consoleLevel":"INFO","disableConsoleAfterReady":false,"outputJSON":false,"buffer":true,"appLogName":"egg-example-web.log","coreLogName":"egg-web.log","agentLogName":"egg-agent.log","errorLogName":"common-error.log","coreLogger":{"consoleLevel":"WARN"},"allowDebugAtProd":true,"type":"application"}
2018-05-01 14:45:05,581 INFO 4296 [egg-schedule]: register schedule /Users/hpstream/code/egg-example/node_modules/_egg-logrotator@3.0.3@egg-logrotator/app/schedule/clean_log.js
2018-05-01 14:45:05,581 INFO 4296 [egg-schedule]: register schedule /Users/hpstream/code/egg-example/node_modules/_egg-logrotator@3.0.3@egg-logrotator/app/schedule/rotate_by_file.js
2018-05-01 14:45:05,624 INFO 4296 [egg-static] starting static serve /public/ -> app/view
2018-05-01 14:45:05,628 INFO 4296 [egg-security] use csrf middleware
2018-05-01 14:45:05,628 INFO 4296 [egg-security] use methodnoallow middleware
2018-05-01 14:45:05,629 INFO 4296 [egg-security] use noopen middleware
2018-05-01 14:45:05,629 INFO 4296 [egg-security] use nosniff middleware
2018-05-01 14:45:05,629 INFO 4296 [egg-security] use xssProtection middleware
2018-05-01 14:45:05,630 INFO 4296 [egg-security] use xframe middleware
2018-05-01 14:45:05,630 INFO 4296 [egg-security] use dta middleware
2018-05-01 14:45:05,630 INFO 4296 [egg-security] compose 7 middlewares into one security middleware
2018-05-01 14:45:05,657 INFO 4296 [egg-watcher:app] watcher start success
2018-05-01 14:45:31,059 INFO 4298 [egg:logger] init all loggers with options: {"dir":"/Users/hpstream/code/egg-example/logs/egg-example","encoding":"utf8","env":"local","level":"INFO","consoleLevel":"INFO","disableConsoleAfterReady":false,"outputJSON":false,"buffer":true,"appLogName":"egg-example-web.log","coreLogName":"egg-web.log","agentLogName":"egg-agent.log","errorLogName":"common-error.log","coreLogger":{"consoleLevel":"WARN"},"allowDebugAtProd":true,"type":"application"}
2018-05-01 14:45:31,095 INFO 4298 [egg-schedule]: register schedule /Users/hpstream/code/egg-example/node_modules/_egg-logrotator@3.0.3@egg-logrotator/app/schedule/clean_log.js
2018-05-01 14:45:31,096 INFO 4298 [egg-schedule]: register schedule /Users/hpstream/code/egg-example/node_modules/_egg-logrotator@3.0.3@egg-logrotator/app/schedule/rotate_by_file.js
2018-05-01 14:45:31,136 INFO 4298 [egg-static] starting static serve /public/ -> app/view
2018-05-01 14:45:31,138 INFO 4298 [egg-security] use csrf middleware
2018-05-01 14:45:31,139 INFO 4298 [egg-security] use methodnoallow middleware
2018-05-01 14:45:31,139 INFO 4298 [egg-security] use noopen middleware
2018-05-01 14:45:31,139 INFO 4298 [egg-security] use nosniff middleware
2018-05-01 14:45:31,140 INFO 4298 [egg-security] use xssProtection middleware
2018-05-01 14:45:31,140 INFO 4298 [egg-security] use xframe middleware
2018-05-01 14:45:31,140 INFO 4298 [egg-security] use dta middleware
2018-05-01 14:45:31,140 INFO 4298 [egg-security] compose 7 middlewares into one security middleware
2018-05-01 14:45:31,169 INFO 4298 [egg-watcher:app] watcher start success
2018-05-01 14:45:54,595 INFO 4300 [egg:logger] init all loggers with options: {"dir":"/Users/hpstream/code/egg-example/logs/egg-example","encoding":"utf8","env":"local","level":"INFO","consoleLevel":"INFO","disableConsoleAfterReady":false,"outputJSON":false,"buffer":true,"appLogName":"egg-example-web.log","coreLogName":"egg-web.log","agentLogName":"egg-agent.log","errorLogName":"common-error.log","coreLogger":{"consoleLevel":"WARN"},"allowDebugAtProd":true,"type":"application"}
2018-05-01 14:45:54,639 INFO 4300 [egg-schedule]: register schedule /Users/hpstream/code/egg-example/node_modules/_egg-logrotator@3.0.3@egg-logrotator/app/schedule/clean_log.js
2018-05-01 14:45:54,639 INFO 4300 [egg-schedule]: register schedule /Users/hpstream/code/egg-example/node_modules/_egg-logrotator@3.0.3@egg-logrotator/app/schedule/rotate_by_file.js
2018-05-01 14:45:54,678 INFO 4300 [egg-static] starting static serve /public/ -> app/view
2018-05-01 14:45:54,681 INFO 4300 [egg-security] use csrf middleware
2018-05-01 14:45:54,683 INFO 4300 [egg-security] use methodnoallow middleware
2018-05-01 14:45:54,683 INFO 4300 [egg-security] use noopen middleware
2018-05-01 14:45:54,684 INFO 4300 [egg-security] use nosniff middleware
2018-05-01 14:45:54,684 INFO 4300 [egg-security] use xssProtection middleware
2018-05-01 14:45:54,685 INFO 4300 [egg-security] use xframe middleware
2018-05-01 14:45:54,685 INFO 4300 [egg-security] use dta middleware
2018-05-01 14:45:54,685 INFO 4300 [egg-security] compose 7 middlewares into one security middleware
2018-05-01 14:45:54,711 INFO 4300 [egg-watcher:app] watcher start success
2018-05-01 14:48:50,886 INFO 4310 [egg:logger] init all loggers with options: {"dir":"/Users/hpstream/code/egg-example/logs/egg-example","encoding":"utf8","env":"local","level":"INFO","consoleLevel":"INFO","disableConsoleAfterReady":false,"outputJSON":false,"buffer":true,"appLogName":"egg-example-web.log","coreLogName":"egg-web.log","agentLogName":"egg-agent.log","errorLogName":"common-error.log","coreLogger":{"consoleLevel":"WARN"},"allowDebugAtProd":true,"type":"application"}
2018-05-01 14:48:50,961 INFO 4310 [egg-schedule]: register schedule /Users/hpstream/code/egg-example/node_modules/_egg-logrotator@3.0.3@egg-logrotator/app/schedule/clean_log.js
2018-05-01 14:48:50,961 INFO 4310 [egg-schedule]: register schedule /Users/hpstream/code/egg-example/node_modules/_egg-logrotator@3.0.3@egg-logrotator/app/schedule/rotate_by_file.js
2018-05-01 14:48:51,012 INFO 4310 [egg-static] starting static serve /public/ -> app/view
2018-05-01 14:48:51,015 INFO 4310 [egg-security] use csrf middleware
2018-05-01 14:48:51,016 INFO 4310 [egg-security] use methodnoallow middleware
2018-05-01 14:48:51,016 INFO 4310 [egg-security] use noopen middleware
2018-05-01 14:48:51,016 INFO 4310 [egg-security] use nosniff middleware
2018-05-01 14:48:51,017 INFO 4310 [egg-security] use xssProtection middleware
2018-05-01 14:48:51,017 INFO 4310 [egg-security] use xframe middleware
2018-05-01 14:48:51,018 INFO 4310 [egg-security] use dta middleware
2018-05-01 14:48:51,018 INFO 4310 [egg-security] compose 7 middlewares into one security middleware
2018-05-01 14:48:51,047 INFO 4310 [egg-watcher:app] watcher start success
2018-05-01 14:50:09,454 INFO 4314 [egg:logger] init all loggers with options: {"dir":"/Users/hpstream/code/egg-example/logs/egg-example","encoding":"utf8","env":"local","level":"INFO","consoleLevel":"INFO","disableConsoleAfterReady":false,"outputJSON":false,"buffer":true,"appLogName":"egg-example-web.log","coreLogName":"egg-web.log","agentLogName":"egg-agent.log","errorLogName":"common-error.log","coreLogger":{"consoleLevel":"WARN"},"allowDebugAtProd":true,"type":"application"}
2018-05-01 14:50:09,491 INFO 4314 [egg-schedule]: register schedule /Users/hpstream/code/egg-example/node_modules/_egg-logrotator@3.0.3@egg-logrotator/app/schedule/clean_log.js
2018-05-01 14:50:09,491 INFO 4314 [egg-schedule]: register schedule /Users/hpstream/code/egg-example/node_modules/_egg-logrotator@3.0.3@egg-logrotator/app/schedule/rotate_by_file.js
2018-05-01 14:50:09,524 INFO 4314 [egg-static] starting static serve /public/ -> app/view
2018-05-01 14:50:09,526 INFO 4314 [egg-security] use csrf middleware
2018-05-01 14:50:09,527 INFO 4314 [egg-security] use methodnoallow middleware
2018-05-01 14:50:09,527 INFO 4314 [egg-security] use noopen middleware
2018-05-01 14:50:09,527 INFO 4314 [egg-security] use nosniff middleware
2018-05-01 14:50:09,528 INFO 4314 [egg-security] use xssProtection middleware
2018-05-01 14:50:09,528 INFO 4314 [egg-security] use xframe middleware
2018-05-01 14:50:09,528 INFO 4314 [egg-security] use dta middleware
2018-05-01 14:50:09,528 INFO 4314 [egg-security] compose 7 middlewares into one security middleware
2018-05-01 14:50:09,558 INFO 4314 [egg-watcher:app] watcher start success
2018-05-01 14:50:58,774 INFO 4320 [egg:logger] init all loggers with options: {"dir":"/Users/hpstream/code/egg-example/logs/egg-example","encoding":"utf8","env":"local","level":"INFO","consoleLevel":"INFO","disableConsoleAfterReady":false,"outputJSON":false,"buffer":true,"appLogName":"egg-example-web.log","coreLogName":"egg-web.log","agentLogName":"egg-agent.log","errorLogName":"common-error.log","coreLogger":{"consoleLevel":"WARN"},"allowDebugAtProd":true,"type":"application"}
2018-05-01 14:50:58,812 INFO 4320 [egg-schedule]: register schedule /Users/hpstream/code/egg-example/node_modules/_egg-logrotator@3.0.3@egg-logrotator/app/schedule/clean_log.js
2018-05-01 14:50:58,812 INFO 4320 [egg-schedule]: register schedule /Users/hpstream/code/egg-example/node_modules/_egg-logrotator@3.0.3@egg-logrotator/app/schedule/rotate_by_file.js
2018-05-01 14:50:58,849 INFO 4320 [egg-static] starting static serve /public/ -> app/view
2018-05-01 14:50:58,853 INFO 4320 [egg-security] use csrf middleware
2018-05-01 14:50:58,854 INFO 4320 [egg-security] use methodnoallow middleware
2018-05-01 14:50:58,854 INFO 4320 [egg-security] use noopen middleware
2018-05-01 14:50:58,855 INFO 4320 [egg-security] use nosniff middleware
2018-05-01 14:50:58,855 INFO 4320 [egg-security] use xssProtection middleware
2018-05-01 14:50:58,856 INFO 4320 [egg-security] use xframe middleware
2018-05-01 14:50:58,856 INFO 4320 [egg-security] use dta middleware
2018-05-01 14:50:58,856 INFO 4320 [egg-security] compose 7 middlewares into one security middleware
2018-05-01 14:50:58,894 INFO 4320 [egg-watcher:app] watcher start success
2018-05-01 14:54:05,720 INFO 4336 [egg:logger] init all loggers with options: {"dir":"/Users/hpstream/code/egg-example/logs/egg-example","encoding":"utf8","env":"local","level":"INFO","consoleLevel":"INFO","disableConsoleAfterReady":false,"outputJSON":false,"buffer":true,"appLogName":"egg-example-web.log","coreLogName":"egg-web.log","agentLogName":"egg-agent.log","errorLogName":"common-error.log","coreLogger":{"consoleLevel":"WARN"},"allowDebugAtProd":true,"type":"application"}
2018-05-01 14:54:05,771 INFO 4336 [egg-schedule]: register schedule /Users/hpstream/code/egg-example/node_modules/_egg-logrotator@3.0.3@egg-logrotator/app/schedule/clean_log.js
2018-05-01 14:54:05,771 INFO 4336 [egg-schedule]: register schedule /Users/hpstream/code/egg-example/node_modules/_egg-logrotator@3.0.3@egg-logrotator/app/schedule/rotate_by_file.js
2018-05-01 14:54:05,855 INFO 4336 [egg-static] starting static serve /public/ -> app/view
2018-05-01 14:54:05,858 INFO 4336 [egg-security] use csrf middleware
2018-05-01 14:54:05,860 INFO 4336 [egg-security] use methodnoallow middleware
2018-05-01 14:54:05,860 INFO 4336 [egg-security] use noopen middleware
2018-05-01 14:54:05,861 INFO 4336 [egg-security] use nosniff middleware
2018-05-01 14:54:05,862 INFO 4336 [egg-security] use xssProtection middleware
2018-05-01 14:54:05,862 INFO 4336 [egg-security] use xframe middleware
2018-05-01 14:54:05,863 INFO 4336 [egg-security] use dta middleware
2018-05-01 14:54:05,863 INFO 4336 [egg-security] compose 7 middlewares into one security middleware
2018-05-01 14:54:05,890 INFO 4336 [egg-watcher:app] watcher start success
2018-05-01 15:11:47,073 INFO 4409 [egg:logger] init all loggers with options: {"dir":"/Users/hpstream/code/egg-example/logs/egg-example","encoding":"utf8","env":"local","level":"INFO","consoleLevel":"INFO","disableConsoleAfterReady":false,"outputJSON":false,"buffer":true,"appLogName":"egg-example-web.log","coreLogName":"egg-web.log","agentLogName":"egg-agent.log","errorLogName":"common-error.log","coreLogger":{"consoleLevel":"WARN"},"allowDebugAtProd":true,"type":"application"}
2018-05-01 15:11:47,128 INFO 4409 [egg-schedule]: register schedule /Users/hpstream/code/egg-example/node_modules/_egg-logrotator@3.0.3@egg-logrotator/app/schedule/clean_log.js
2018-05-01 15:11:47,128 INFO 4409 [egg-schedule]: register schedule /Users/hpstream/code/egg-example/node_modules/_egg-logrotator@3.0.3@egg-logrotator/app/schedule/rotate_by_file.js
2018-05-01 15:11:47,215 INFO 4409 [egg-static] starting static serve /public/ -> /Users/hpstream/code/egg-example/app/public
2018-05-01 15:11:47,219 INFO 4409 [egg-security] use csrf middleware
2018-05-01 15:11:47,221 INFO 4409 [egg-security] use methodnoallow middleware
2018-05-01 15:11:47,221 INFO 4409 [egg-security] use noopen middleware
2018-05-01 15:11:47,222 INFO 4409 [egg-security] use nosniff middleware
2018-05-01 15:11:47,223 INFO 4409 [egg-security] use xssProtection middleware
2018-05-01 15:11:47,224 INFO 4409 [egg-security] use xframe middleware
2018-05-01 15:11:47,225 INFO 4409 [egg-security] use dta middleware
2018-05-01 15:11:47,225 INFO 4409 [egg-security] compose 7 middlewares into one security middleware
2018-05-01 15:11:47,260 INFO 4409 [egg-watcher:app] watcher start success
2018-05-01 15:14:20,491 INFO 4437 [egg:logger] init all loggers with options: {"dir":"/Users/hpstream/code/egg-example/logs/egg-example","encoding":"utf8","env":"local","level":"INFO","consoleLevel":"INFO","disableConsoleAfterReady":false,"outputJSON":false,"buffer":true,"appLogName":"egg-example-web.log","coreLogName":"egg-web.log","agentLogName":"egg-agent.log","errorLogName":"common-error.log","coreLogger":{"consoleLevel":"WARN"},"allowDebugAtProd":true,"type":"application"}
2018-05-01 15:14:20,537 INFO 4437 [egg-schedule]: register schedule /Users/hpstream/code/egg-example/node_modules/_egg-logrotator@3.0.3@egg-logrotator/app/schedule/clean_log.js
2018-05-01 15:14:20,537 INFO 4437 [egg-schedule]: register schedule /Users/hpstream/code/egg-example/node_modules/_egg-logrotator@3.0.3@egg-logrotator/app/schedule/rotate_by_file.js
2018-05-01 15:14:20,609 INFO 4437 [egg-static] starting static serve /public/ -> /Users/hpstream/code/egg-example/app/public
2018-05-01 15:14:20,613 INFO 4437 [egg-security] use csrf middleware
2018-05-01 15:14:20,614 INFO 4437 [egg-security] use methodnoallow middleware
2018-05-01 15:14:20,614 INFO 4437 [egg-security] use noopen middleware
2018-05-01 15:14:20,615 INFO 4437 [egg-security] use nosniff middleware
2018-05-01 15:14:20,616 INFO 4437 [egg-security] use xssProtection middleware
2018-05-01 15:14:20,617 INFO 4437 [egg-security] use xframe middleware
2018-05-01 15:14:20,618 INFO 4437 [egg-security] use dta middleware
2018-05-01 15:14:20,618 INFO 4437 [egg-security] compose 7 middlewares into one security middleware
2018-05-01 15:14:20,647 INFO 4437 [egg-watcher:app] watcher start success
2018-05-01 15:17:14,096 INFO 4446 [egg:logger] init all loggers with options: {"dir":"/Users/hpstream/code/egg-example/logs/egg-example","encoding":"utf8","env":"local","level":"INFO","consoleLevel":"INFO","disableConsoleAfterReady":false,"outputJSON":false,"buffer":true,"appLogName":"egg-example-web.log","coreLogName":"egg-web.log","agentLogName":"egg-agent.log","errorLogName":"common-error.log","coreLogger":{"consoleLevel":"WARN"},"allowDebugAtProd":true,"type":"application"}
2018-05-01 15:17:14,133 INFO 4446 [egg-schedule]: register schedule /Users/hpstream/code/egg-example/node_modules/_egg-logrotator@3.0.3@egg-logrotator/app/schedule/clean_log.js
2018-05-01 15:17:14,133 INFO 4446 [egg-schedule]: register schedule /Users/hpstream/code/egg-example/node_modules/_egg-logrotator@3.0.3@egg-logrotator/app/schedule/rotate_by_file.js
2018-05-01 15:17:14,170 INFO 4446 [egg-static] starting static serve /public/ -> app/view
2018-05-01 15:17:14,173 INFO 4446 [egg-security] use csrf middleware
2018-05-01 15:17:14,174 INFO 4446 [egg-security] use methodnoallow middleware
2018-05-01 15:17:14,175 INFO 4446 [egg-security] use noopen middleware
2018-05-01 15:17:14,175 INFO 4446 [egg-security] use nosniff middleware
2018-05-01 15:17:14,175 INFO 4446 [egg-security] use xssProtection middleware
2018-05-01 15:17:14,175 INFO 4446 [egg-security] use xframe middleware
2018-05-01 15:17:14,176 INFO 4446 [egg-security] use dta middleware
2018-05-01 15:17:14,176 INFO 4446 [egg-security] compose 7 middlewares into one security middleware
2018-05-01 15:17:14,201 INFO 4446 [egg-watcher:app] watcher start success
2018-05-01 15:19:48,427 INFO 4459 [egg:logger] init all loggers with options: {"dir":"/Users/hpstream/code/egg-example/logs/egg-example","encoding":"utf8","env":"local","level":"INFO","consoleLevel":"INFO","disableConsoleAfterReady":false,"outputJSON":false,"buffer":true,"appLogName":"egg-example-web.log","coreLogName":"egg-web.log","agentLogName":"egg-agent.log","errorLogName":"common-error.log","coreLogger":{"consoleLevel":"WARN"},"allowDebugAtProd":true,"type":"application"}
2018-05-01 15:19:48,468 INFO 4459 [egg-schedule]: register schedule /Users/hpstream/code/egg-example/node_modules/_egg-logrotator@3.0.3@egg-logrotator/app/schedule/clean_log.js
2018-05-01 15:19:48,468 INFO 4459 [egg-schedule]: register schedule /Users/hpstream/code/egg-example/node_modules/_egg-logrotator@3.0.3@egg-logrotator/app/schedule/rotate_by_file.js
2018-05-01 15:19:48,511 INFO 4459 [egg-static] starting static serve /public/ -> app/view
2018-05-01 15:19:48,514 INFO 4459 [egg-security] use csrf middleware
2018-05-01 15:19:48,515 INFO 4459 [egg-security] use methodnoallow middleware
2018-05-01 15:19:48,516 INFO 4459 [egg-security] use noopen middleware
2018-05-01 15:19:48,516 INFO 4459 [egg-security] use nosniff middleware
2018-05-01 15:19:48,517 INFO 4459 [egg-security] use xssProtection middleware
2018-05-01 15:19:48,517 INFO 4459 [egg-security] use xframe middleware
2018-05-01 15:19:48,518 INFO 4459 [egg-security] use dta middleware
2018-05-01 15:19:48,518 INFO 4459 [egg-security] compose 7 middlewares into one security middleware
2018-05-01 15:19:48,544 INFO 4459 [egg-watcher:app] watcher start success
2018-05-01 15:21:03,890 INFO 4472 [egg:logger] init all loggers with options: {"dir":"/Users/hpstream/code/egg-example/logs/egg-example","encoding":"utf8","env":"local","level":"INFO","consoleLevel":"INFO","disableConsoleAfterReady":false,"outputJSON":false,"buffer":true,"appLogName":"egg-example-web.log","coreLogName":"egg-web.log","agentLogName":"egg-agent.log","errorLogName":"common-error.log","coreLogger":{"consoleLevel":"WARN"},"allowDebugAtProd":true,"type":"application"}
2018-05-01 15:21:03,938 INFO 4472 [egg-schedule]: register schedule /Users/hpstream/code/egg-example/node_modules/_egg-logrotator@3.0.3@egg-logrotator/app/schedule/clean_log.js
2018-05-01 15:21:03,938 INFO 4472 [egg-schedule]: register schedule /Users/hpstream/code/egg-example/node_modules/_egg-logrotator@3.0.3@egg-logrotator/app/schedule/rotate_by_file.js
2018-05-01 15:21:04,002 INFO 4472 [egg-static] starting static serve / -> app/view
2018-05-01 15:21:04,005 INFO 4472 [egg-security] use csrf middleware
2018-05-01 15:21:04,006 INFO 4472 [egg-security] use methodnoallow middleware
2018-05-01 15:21:04,007 INFO 4472 [egg-security] use noopen middleware
2018-05-01 15:21:04,007 INFO 4472 [egg-security] use nosniff middleware
2018-05-01 15:21:04,007 INFO 4472 [egg-security] use xssProtection middleware
2018-05-01 15:21:04,008 INFO 4472 [egg-security] use xframe middleware
2018-05-01 15:21:04,008 INFO 4472 [egg-security] use dta middleware
2018-05-01 15:21:04,009 INFO 4472 [egg-security] compose 7 middlewares into one security middleware
2018-05-01 15:21:04,034 INFO 4472 [egg-watcher:app] watcher start success
2018-05-01 15:28:54,003 INFO 4512 [egg:logger] init all loggers with options: {"dir":"/Users/hpstream/code/egg-example/logs/egg-example","encoding":"utf8","env":"local","level":"INFO","consoleLevel":"INFO","disableConsoleAfterReady":false,"outputJSON":false,"buffer":true,"appLogName":"egg-example-web.log","coreLogName":"egg-web.log","agentLogName":"egg-agent.log","errorLogName":"common-error.log","coreLogger":{"consoleLevel":"WARN"},"allowDebugAtProd":true,"type":"application"}
2018-05-01 15:28:54,051 INFO 4512 [egg-schedule]: register schedule /Users/hpstream/code/egg-example/node_modules/_egg-logrotator@3.0.3@egg-logrotator/app/schedule/clean_log.js
2018-05-01 15:28:54,051 INFO 4512 [egg-schedule]: register schedule /Users/hpstream/code/egg-example/node_modules/_egg-logrotator@3.0.3@egg-logrotator/app/schedule/rotate_by_file.js
2018-05-01 15:28:54,126 INFO 4512 [egg-static] starting static serve / -> app/view
2018-05-01 15:28:54,129 INFO 4512 [egg-security] use csrf middleware
2018-05-01 15:28:54,130 INFO 4512 [egg-security] use methodnoallow middleware
2018-05-01 15:28:54,131 INFO 4512 [egg-security] use noopen middleware
2018-05-01 15:28:54,132 INFO 4512 [egg-security] use nosniff middleware
2018-05-01 15:28:54,132 INFO 4512 [egg-security] use xssProtection middleware
2018-05-01 15:28:54,133 INFO 4512 [egg-security] use xframe middleware
2018-05-01 15:28:54,134 INFO 4512 [egg-security] use dta middleware
2018-05-01 15:28:54,134 INFO 4512 [egg-security] compose 7 middlewares into one security middleware
2018-05-01 15:28:54,163 INFO 4512 [egg-watcher:app] watcher start success
2018-05-01 15:29:19,959 INFO 4516 [egg:logger] init all loggers with options: {"dir":"/Users/hpstream/code/egg-example/logs/egg-example","encoding":"utf8","env":"local","level":"INFO","consoleLevel":"INFO","disableConsoleAfterReady":false,"outputJSON":false,"buffer":true,"appLogName":"egg-example-web.log","coreLogName":"egg-web.log","agentLogName":"egg-agent.log","errorLogName":"common-error.log","coreLogger":{"consoleLevel":"WARN"},"allowDebugAtProd":true,"type":"application"}
2018-05-01 15:29:19,994 INFO 4516 [egg-schedule]: register schedule /Users/hpstream/code/egg-example/node_modules/_egg-logrotator@3.0.3@egg-logrotator/app/schedule/clean_log.js
2018-05-01 15:29:19,994 INFO 4516 [egg-schedule]: register schedule /Users/hpstream/code/egg-example/node_modules/_egg-logrotator@3.0.3@egg-logrotator/app/schedule/rotate_by_file.js
2018-05-01 15:29:20,028 INFO 4516 [egg-static] starting static serve / -> app/view
2018-05-01 15:29:20,030 INFO 4516 [egg-security] use csrf middleware
2018-05-01 15:29:20,031 INFO 4516 [egg-security] use methodnoallow middleware
2018-05-01 15:29:20,031 INFO 4516 [egg-security] use noopen middleware
2018-05-01 15:29:20,031 INFO 4516 [egg-security] use nosniff middleware
2018-05-01 15:29:20,031 INFO 4516 [egg-security] use xssProtection middleware
2018-05-01 15:29:20,032 INFO 4516 [egg-security] use xframe middleware
2018-05-01 15:29:20,032 INFO 4516 [egg-security] use dta middleware
2018-05-01 15:29:20,032 INFO 4516 [egg-security] compose 7 middlewares into one security middleware
2018-05-01 15:29:20,059 INFO 4516 [egg-watcher:app] watcher start success
2018-05-01 15:30:36,735 INFO 4532 [egg:logger] init all loggers with options: {"dir":"/Users/hpstream/code/egg-example/logs/egg-example","encoding":"utf8","env":"local","level":"INFO","consoleLevel":"INFO","disableConsoleAfterReady":false,"outputJSON":false,"buffer":true,"appLogName":"egg-example-web.log","coreLogName":"egg-web.log","agentLogName":"egg-agent.log","errorLogName":"common-error.log","coreLogger":{"consoleLevel":"WARN"},"allowDebugAtProd":true,"type":"application"}
2018-05-01 15:30:36,787 INFO 4532 [egg-schedule]: register schedule /Users/hpstream/code/egg-example/node_modules/_egg-logrotator@3.0.3@egg-logrotator/app/schedule/clean_log.js
2018-05-01 15:30:36,787 INFO 4532 [egg-schedule]: register schedule /Users/hpstream/code/egg-example/node_modules/_egg-logrotator@3.0.3@egg-logrotator/app/schedule/rotate_by_file.js
2018-05-01 15:30:36,830 INFO 4532 [egg-static] starting static serve / -> app/view
2018-05-01 15:30:36,832 INFO 4532 [egg-security] use csrf middleware
2018-05-01 15:30:36,833 INFO 4532 [egg-security] use methodnoallow middleware
2018-05-01 15:30:36,833 INFO 4532 [egg-security] use noopen middleware
2018-05-01 15:30:36,833 INFO 4532 [egg-security] use nosniff middleware
2018-05-01 15:30:36,833 INFO 4532 [egg-security] use xssProtection middleware
2018-05-01 15:30:36,834 INFO 4532 [egg-security] use xframe middleware
2018-05-01 15:30:36,834 INFO 4532 [egg-security] use dta middleware
2018-05-01 15:30:36,834 INFO 4532 [egg-security] compose 7 middlewares into one security middleware
2018-05-01 15:30:36,865 INFO 4532 [egg-watcher:app] watcher start success
2018-05-01 15:33:19,211 INFO 4550 [egg:logger] init all loggers with options: {"dir":"/Users/hpstream/code/egg-example/logs/egg-example","encoding":"utf8","env":"local","level":"INFO","consoleLevel":"INFO","disableConsoleAfterReady":false,"outputJSON":false,"buffer":true,"appLogName":"egg-example-web.log","coreLogName":"egg-web.log","agentLogName":"egg-agent.log","errorLogName":"common-error.log","coreLogger":{"consoleLevel":"WARN"},"allowDebugAtProd":true,"type":"application"}
2018-05-01 15:33:19,249 INFO 4550 [egg-schedule]: register schedule /Users/hpstream/code/egg-example/node_modules/_egg-logrotator@3.0.3@egg-logrotator/app/schedule/clean_log.js
2018-05-01 15:33:19,249 INFO 4550 [egg-schedule]: register schedule /Users/hpstream/code/egg-example/node_modules/_egg-logrotator@3.0.3@egg-logrotator/app/schedule/rotate_by_file.js
2018-05-01 15:33:19,293 INFO 4550 [egg-static] starting static serve / -> app/view
2018-05-01 15:33:19,295 INFO 4550 [egg-security] use csrf middleware
2018-05-01 15:33:19,296 INFO 4550 [egg-security] use methodnoallow middleware
2018-05-01 15:33:19,296 INFO 4550 [egg-security] use noopen middleware
2018-05-01 15:33:19,296 INFO 4550 [egg-security] use nosniff middleware
2018-05-01 15:33:19,296 INFO 4550 [egg-security] use xssProtection middleware
2018-05-01 15:33:19,297 INFO 4550 [egg-security] use xframe middleware
2018-05-01 15:33:19,297 INFO 4550 [egg-security] use dta middleware
2018-05-01 15:33:19,297 INFO 4550 [egg-security] compose 7 middlewares into one security middleware
2018-05-01 15:33:19,326 INFO 4550 [egg-watcher:app] watcher start success
2018-05-01 15:44:52,659 INFO 4587 [egg:logger] init all loggers with options: {"dir":"/Users/hpstream/code/egg-example/logs/egg-example","encoding":"utf8","env":"local","level":"INFO","consoleLevel":"INFO","disableConsoleAfterReady":false,"outputJSON":false,"buffer":true,"appLogName":"egg-example-web.log","coreLogName":"egg-web.log","agentLogName":"egg-agent.log","errorLogName":"common-error.log","coreLogger":{"consoleLevel":"WARN"},"allowDebugAtProd":true,"type":"application"}
2018-05-01 15:44:52,698 INFO 4587 [egg-schedule]: register schedule /Users/hpstream/code/egg-example/node_modules/_egg-logrotator@3.0.3@egg-logrotator/app/schedule/clean_log.js
2018-05-01 15:44:52,698 INFO 4587 [egg-schedule]: register schedule /Users/hpstream/code/egg-example/node_modules/_egg-logrotator@3.0.3@egg-logrotator/app/schedule/rotate_by_file.js
2018-05-01 15:44:52,733 INFO 4587 [egg-static] starting static serve / -> /Users/hpstream/code/egg-example/app/public
2018-05-01 15:44:52,735 INFO 4587 [egg-security] use csrf middleware
2018-05-01 15:44:52,736 INFO 4587 [egg-security] use methodnoallow middleware
2018-05-01 15:44:52,736 INFO 4587 [egg-security] use noopen middleware
2018-05-01 15:44:52,736 INFO 4587 [egg-security] use nosniff middleware
2018-05-01 15:44:52,736 INFO 4587 [egg-security] use xssProtection middleware
2018-05-01 15:44:52,737 INFO 4587 [egg-security] use xframe middleware
2018-05-01 15:44:52,737 INFO 4587 [egg-security] use dta middleware
2018-05-01 15:44:52,737 INFO 4587 [egg-security] compose 7 middlewares into one security middleware
2018-05-01 15:44:52,764 INFO 4587 [egg-watcher:app] watcher start success
2018-05-01 15:45:19,766 INFO 4588 [egg:logger] init all loggers with options: {"dir":"/Users/hpstream/code/egg-example/logs/egg-example","encoding":"utf8","env":"local","level":"INFO","consoleLevel":"INFO","disableConsoleAfterReady":false,"outputJSON":false,"buffer":true,"appLogName":"egg-example-web.log","coreLogName":"egg-web.log","agentLogName":"egg-agent.log","errorLogName":"common-error.log","coreLogger":{"consoleLevel":"WARN"},"allowDebugAtProd":true,"type":"application"}
2018-05-01 15:45:19,812 INFO 4588 [egg-schedule]: register schedule /Users/hpstream/code/egg-example/node_modules/_egg-logrotator@3.0.3@egg-logrotator/app/schedule/clean_log.js
2018-05-01 15:45:19,812 INFO 4588 [egg-schedule]: register schedule /Users/hpstream/code/egg-example/node_modules/_egg-logrotator@3.0.3@egg-logrotator/app/schedule/rotate_by_file.js
2018-05-01 15:45:19,847 INFO 4588 [egg-static] starting static serve / -> /Users/hpstream/code/egg-example/app/public
2018-05-01 15:45:19,850 INFO 4588 [egg-security] use csrf middleware
2018-05-01 15:45:19,851 INFO 4588 [egg-security] use methodnoallow middleware
2018-05-01 15:45:19,852 INFO 4588 [egg-security] use noopen middleware
2018-05-01 15:45:19,852 INFO 4588 [egg-security] use nosniff middleware
2018-05-01 15:45:19,852 INFO 4588 [egg-security] use xssProtection middleware
2018-05-01 15:45:19,853 INFO 4588 [egg-security] use xframe middleware
2018-05-01 15:45:19,853 INFO 4588 [egg-security] use dta middleware
2018-05-01 15:45:19,853 INFO 4588 [egg-security] compose 7 middlewares into one security middleware
2018-05-01 15:45:19,885 INFO 4588 [egg-watcher:app] watcher start success
2018-05-01 15:48:04,187 INFO 4597 [egg:logger] init all loggers with options: {"dir":"/Users/hpstream/code/egg-example/logs/egg-example","encoding":"utf8","env":"local","level":"INFO","consoleLevel":"INFO","disableConsoleAfterReady":false,"outputJSON":false,"buffer":true,"appLogName":"egg-example-web.log","coreLogName":"egg-web.log","agentLogName":"egg-agent.log","errorLogName":"common-error.log","coreLogger":{"consoleLevel":"WARN"},"allowDebugAtProd":true,"type":"application"}
2018-05-01 15:48:04,222 INFO 4597 [egg-schedule]: register schedule /Users/hpstream/code/egg-example/node_modules/_egg-logrotator@3.0.3@egg-logrotator/app/schedule/clean_log.js
2018-05-01 15:48:04,222 INFO 4597 [egg-schedule]: register schedule /Users/hpstream/code/egg-example/node_modules/_egg-logrotator@3.0.3@egg-logrotator/app/schedule/rotate_by_file.js
2018-05-01 15:48:04,255 INFO 4597 [egg-static] starting static serve / -> /Users/hpstream/code/egg-example/app/public
2018-05-01 15:48:04,257 INFO 4597 [egg-security] use csrf middleware
2018-05-01 15:48:04,257 INFO 4597 [egg-security] use methodnoallow middleware
2018-05-01 15:48:04,258 INFO 4597 [egg-security] use noopen middleware
2018-05-01 15:48:04,258 INFO 4597 [egg-security] use nosniff middleware
2018-05-01 15:48:04,258 INFO 4597 [egg-security] use xssProtection middleware
2018-05-01 15:48:04,258 INFO 4597 [egg-security] use xframe middleware
2018-05-01 15:48:04,259 INFO 4597 [egg-security] use dta middleware
2018-05-01 15:48:04,259 INFO 4597 [egg-security] compose 7 middlewares into one security middleware
2018-05-01 15:48:04,284 INFO 4597 [egg-watcher:app] watcher start success
2018-05-01 15:50:23,081 INFO 4621 [egg:logger] init all loggers with options: {"dir":"/Users/hpstream/code/egg-example/logs/egg-example","encoding":"utf8","env":"local","level":"INFO","consoleLevel":"INFO","disableConsoleAfterReady":false,"outputJSON":false,"buffer":true,"appLogName":"egg-example-web.log","coreLogName":"egg-web.log","agentLogName":"egg-agent.log","errorLogName":"common-error.log","coreLogger":{"consoleLevel":"WARN"},"allowDebugAtProd":true,"type":"application"}
2018-05-01 15:50:23,125 INFO 4621 [egg-schedule]: register schedule /Users/hpstream/code/egg-example/node_modules/_egg-logrotator@3.0.3@egg-logrotator/app/schedule/clean_log.js
2018-05-01 15:50:23,125 INFO 4621 [egg-schedule]: register schedule /Users/hpstream/code/egg-example/node_modules/_egg-logrotator@3.0.3@egg-logrotator/app/schedule/rotate_by_file.js
2018-05-01 15:50:23,183 INFO 4621 [egg-static] starting static serve / -> /Users/hpstream/code/egg-example/app/public
2018-05-01 15:50:23,187 INFO 4621 [egg-security] use csrf middleware
2018-05-01 15:50:23,188 INFO 4621 [egg-security] use methodnoallow middleware
2018-05-01 15:50:23,189 INFO 4621 [egg-security] use noopen middleware
2018-05-01 15:50:23,189 INFO 4621 [egg-security] use nosniff middleware
2018-05-01 15:50:23,190 INFO 4621 [egg-security] use xssProtection middleware
2018-05-01 15:50:23,190 INFO 4621 [egg-security] use xframe middleware
2018-05-01 15:50:23,191 INFO 4621 [egg-security] use dta middleware
2018-05-01 15:50:23,191 INFO 4621 [egg-security] compose 7 middlewares into one security middleware
2018-05-01 15:50:23,228 INFO 4621 [egg-watcher:app] watcher start success
2018-05-01 15:52:37,416 INFO 4628 [egg:logger] init all loggers with options: {"dir":"/Users/hpstream/code/egg-example/logs/egg-example","encoding":"utf8","env":"local","level":"INFO","consoleLevel":"INFO","disableConsoleAfterReady":false,"outputJSON":false,"buffer":true,"appLogName":"egg-example-web.log","coreLogName":"egg-web.log","agentLogName":"egg-agent.log","errorLogName":"common-error.log","coreLogger":{"consoleLevel":"WARN"},"allowDebugAtProd":true,"type":"application"}
2018-05-01 15:52:37,455 INFO 4628 [egg-schedule]: register schedule /Users/hpstream/code/egg-example/node_modules/_egg-logrotator@3.0.3@egg-logrotator/app/schedule/clean_log.js
2018-05-01 15:52:37,455 INFO 4628 [egg-schedule]: register schedule /Users/hpstream/code/egg-example/node_modules/_egg-logrotator@3.0.3@egg-logrotator/app/schedule/rotate_by_file.js
2018-05-01 15:52:37,493 INFO 4628 [egg-static] starting static serve / -> /Users/hpstream/code/egg-example/app/public
2018-05-01 15:52:37,495 INFO 4628 [egg-security] use csrf middleware
2018-05-01 15:52:37,495 INFO 4628 [egg-security] use methodnoallow middleware
2018-05-01 15:52:37,495 INFO 4628 [egg-security] use noopen middleware
2018-05-01 15:52:37,496 INFO 4628 [egg-security] use nosniff middleware
2018-05-01 15:52:37,496 INFO 4628 [egg-security] use xssProtection middleware
2018-05-01 15:52:37,496 INFO 4628 [egg-security] use xframe middleware
2018-05-01 15:52:37,497 INFO 4628 [egg-security] use dta middleware
2018-05-01 15:52:37,497 INFO 4628 [egg-security] compose 7 middlewares into one security middleware
2018-05-01 15:52:37,524 INFO 4628 [egg-watcher:app] watcher start success
2018-05-01 15:53:59,567 INFO 4632 [egg:logger] init all loggers with options: {"dir":"/Users/hpstream/code/egg-example/logs/egg-example","encoding":"utf8","env":"local","level":"INFO","consoleLevel":"INFO","disableConsoleAfterReady":false,"outputJSON":false,"buffer":true,"appLogName":"egg-example-web.log","coreLogName":"egg-web.log","agentLogName":"egg-agent.log","errorLogName":"common-error.log","coreLogger":{"consoleLevel":"WARN"},"allowDebugAtProd":true,"type":"application"}
2018-05-01 15:53:59,604 INFO 4632 [egg-schedule]: register schedule /Users/hpstream/code/egg-example/node_modules/_egg-logrotator@3.0.3@egg-logrotator/app/schedule/clean_log.js
2018-05-01 15:53:59,604 INFO 4632 [egg-schedule]: register schedule /Users/hpstream/code/egg-example/node_modules/_egg-logrotator@3.0.3@egg-logrotator/app/schedule/rotate_by_file.js
2018-05-01 15:53:59,640 INFO 4632 [egg-static] starting static serve / -> /Users/hpstream/code/egg-example/app/public
2018-05-01 15:53:59,642 INFO 4632 [egg-security] use csrf middleware
2018-05-01 15:53:59,643 INFO 4632 [egg-security] use methodnoallow middleware
2018-05-01 15:53:59,644 INFO 4632 [egg-security] use noopen middleware
2018-05-01 15:53:59,644 INFO 4632 [egg-security] use nosniff middleware
2018-05-01 15:53:59,644 INFO 4632 [egg-security] use xssProtection middleware
2018-05-01 15:53:59,645 INFO 4632 [egg-security] use xframe middleware
2018-05-01 15:53:59,645 INFO 4632 [egg-security] use dta middleware
2018-05-01 15:53:59,645 INFO 4632 [egg-security] compose 7 middlewares into one security middleware
2018-05-01 15:53:59,675 INFO 4632 [egg-watcher:app] watcher start success
2018-05-01 15:54:06,781 INFO 4633 [egg:logger] init all loggers with options: {"dir":"/Users/hpstream/code/egg-example/logs/egg-example","encoding":"utf8","env":"local","level":"INFO","consoleLevel":"INFO","disableConsoleAfterReady":false,"outputJSON":false,"buffer":true,"appLogName":"egg-example-web.log","coreLogName":"egg-web.log","agentLogName":"egg-agent.log","errorLogName":"common-error.log","coreLogger":{"consoleLevel":"WARN"},"allowDebugAtProd":true,"type":"application"}
2018-05-01 15:54:06,822 INFO 4633 [egg-schedule]: register schedule /Users/hpstream/code/egg-example/node_modules/_egg-logrotator@3.0.3@egg-logrotator/app/schedule/clean_log.js
2018-05-01 15:54:06,828 INFO 4633 [egg-schedule]: register schedule /Users/hpstream/code/egg-example/node_modules/_egg-logrotator@3.0.3@egg-logrotator/app/schedule/rotate_by_file.js
2018-05-01 15:54:06,868 INFO 4633 [egg-static] starting static serve / -> /Users/hpstream/code/egg-example/app/public
2018-05-01 15:54:06,870 INFO 4633 [egg-security] use csrf middleware
2018-05-01 15:54:06,871 INFO 4633 [egg-security] use methodnoallow middleware
2018-05-01 15:54:06,871 INFO 4633 [egg-security] use noopen middleware
2018-05-01 15:54:06,871 INFO 4633 [egg-security] use nosniff middleware
2018-05-01 15:54:06,872 INFO 4633 [egg-security] use xssProtection middleware
2018-05-01 15:54:06,872 INFO 4633 [egg-security] use xframe middleware
2018-05-01 15:54:06,873 INFO 4633 [egg-security] use dta middleware
2018-05-01 15:54:06,873 INFO 4633 [egg-security] compose 7 middlewares into one security middleware
2018-05-01 15:54:06,908 INFO 4633 [egg-watcher:app] watcher start success
2018-05-01 15:54:24,115 INFO 4639 [egg:logger] init all loggers with options: {"dir":"/Users/hpstream/code/egg-example/logs/egg-example","encoding":"utf8","env":"local","level":"INFO","consoleLevel":"INFO","disableConsoleAfterReady":false,"outputJSON":false,"buffer":true,"appLogName":"egg-example-web.log","coreLogName":"egg-web.log","agentLogName":"egg-agent.log","errorLogName":"common-error.log","coreLogger":{"consoleLevel":"WARN"},"allowDebugAtProd":true,"type":"application"}
2018-05-01 15:54:24,159 INFO 4639 [egg-schedule]: register schedule /Users/hpstream/code/egg-example/node_modules/_egg-logrotator@3.0.3@egg-logrotator/app/schedule/clean_log.js
2018-05-01 15:54:24,159 INFO 4639 [egg-schedule]: register schedule /Users/hpstream/code/egg-example/node_modules/_egg-logrotator@3.0.3@egg-logrotator/app/schedule/rotate_by_file.js
2018-05-01 15:54:24,199 INFO 4639 [egg-static] starting static serve / -> /Users/hpstream/code/egg-example/app/public
2018-05-01 15:54:24,201 INFO 4639 [egg-security] use csrf middleware
2018-05-01 15:54:24,202 INFO 4639 [egg-security] use methodnoallow middleware
2018-05-01 15:54:24,202 INFO 4639 [egg-security] use noopen middleware
2018-05-01 15:54:24,203 INFO 4639 [egg-security] use nosniff middleware
2018-05-01 15:54:24,203 INFO 4639 [egg-security] use xssProtection middleware
2018-05-01 15:54:24,203 INFO 4639 [egg-security] use xframe middleware
2018-05-01 15:54:24,204 INFO 4639 [egg-security] use dta middleware
2018-05-01 15:54:24,204 INFO 4639 [egg-security] compose 7 middlewares into one security middleware
2018-05-01 15:54:24,232 INFO 4639 [egg-watcher:app] watcher start success
2018-05-01 16:38:27,380 WARN 4639 [ClusterClient:Watcher] follower closed, and try to init it again
2018-05-01 17:17:20,483 WARN 4639 [ClusterClient:Watcher] follower closed, and try to init it again
2018-05-01 17:48:15,545 WARN 4639 [TCPBase] socket is closed by other side while there were still unhandled data in the socket buffer
2018-05-01 17:48:15,546 WARN 4639 [ClusterClient:Watcher] follower closed, and try to init it again
2018-05-01 18:59:00,513 WARN 4639 [ClusterClient:Watcher] follower closed, and try to init it again
2018-05-01 20:59:57,563 WARN 4639 [TCPBase] socket is closed by other side while there were still unhandled data in the socket buffer
2018-05-01 20:59:57,564 WARN 4639 [ClusterClient:Watcher] follower closed, and try to init it again
2018-05-01 21:05:18,363 WARN 4639 [TCPBase] socket is closed by other side while there were still unhandled data in the socket buffer
2018-05-01 21:05:18,363 WARN 4639 [ClusterClient:Watcher] follower closed, and try to init it again
